Arguments: 
  C:\Program Files\nodejs\node.exe C:\Program Files\Yarn\bin\yarn.js add react-navigation

PATH: 
  C:\Windows\system32;C:\Windows;C:\Windows\System32\Wbem;C:\Windows\System32\WindowsPowerShell\v1.0\;C:\xampp\php;C:\ProgramData\ComposerSetup\bin;C:\Program Files\nodejs\;C:\Program Files\Yarn\bin\;C:\Program Files\Git\cmd;C:\Users\Gede Dana Wijaya\AppData\Local\Microsoft\WindowsApps;C:\Users\Gede Dana Wijaya\AppData\Roaming\Composer\vendor\bin;C:\Users\Gede Dana Wijaya\AppData\Roaming\npm;C:\Users\Gede Dana Wijaya\AppData\Local\Yarn\bin

Yarn version: 
  1.5.1

Node version: 
  8.10.0

Platform: 
  win32 ia32

npm manifest: 
  {
    "name": "Latihan1",
    "version": "0.1.0",
    "private": true,
    "devDependencies": {
      "eslint-config-rallycoding": "^3.2.0",
      "jest-expo": "25.0.0",
      "react-native-scripts": "1.11.1",
      "react-test-renderer": "16.2.0"
    },
    "main": "./node_modules/react-native-scripts/build/bin/crna-entry.js",
    "scripts": {
      "start": "react-native-scripts start",
      "eject": "react-native-scripts eject",
      "android": "react-native-scripts android",
      "ios": "react-native-scripts ios",
      "test": "node node_modules/jest/bin/jest.js"
    },
    "jest": {
      "preset": "jest-expo"
    },
    "dependencies": {
      "expo": "^25.0.0",
      "react": "16.2.0",
      "react-native": "0.52.0"
    }
  }

yarn manifest: 
  No manifest

Lockfile: 
  No lockfile

Trace: 
  Error: connect ETIMEDOUT 104.16.59.173:443
      at Object._errnoException (util.js:1022:11)
      at _exceptionWithHostPort (util.js:1044:20)
      at TCPConnectWrap.afterConnect [as oncomplete] (net.js:1198:14)
